


materialPath: E:\Steam\steamapps\common\Team Fortress 2\tf\materials
Loading D:\adams\Google Drive\Projects\maps\cp_industrial.vmf
Patching WVT material: maps/cp_industrial/dev/dev_blendmeasure_wvt_patch
fixing up env_cubemap materials on brush sides...
0...1...2...3...4...5...6...7...8...9...10**** leaked ****
Entity info_player_teamspawn (-64.00 -64.00 545.01) leaked!
Processing areas...done (0)
Building Faces...done (0)
FixTjuncs...
PruneNodes...
WriteBSP...
done (0)
*** Error: Skybox vtf files for skybox/sky_tf2_04 weren't compiled with the same size texture and/or same flags!
Can't load skybox file skybox/sky_tf2_04 to build the default cubemap!
*** Error: Skybox vtf files for skybox/sky_tf2_04 weren't compiled with the same size texture and/or same flags!
Can't load skybox file skybox/sky_tf2_04 to build the default cubemap!
Finding displacement neighbors...
Finding lightmap sample positions...
Displacement Alpha : 0...1...2...3...4...5...6...7...8...9...10
Building Physics collision data...
done (0) (14207 bytes)
Placing detail props : 0...1...2...3...4...5...6...7...8...9...10
Compacting texture/material tables...
Reduced 57 texinfos to 33
Reduced 7 texdatas to 6 (193 bytes to 172)
Writing D:\adams\Google Drive\Projects\maps\cp_industrial.bsp
Wrote ZIP buffer, estimated size 477, actual size 397
0 seconds elapsed



4 threads
reading d:\adams\google drive\projects\maps\cp_industrial.bsp
reading d:\adams\google drive\projects\maps\cp_industrial.prt
LoadPortals: couldn't read d:\adams\google drive\projects\maps\cp_industrial.prt



[Reading texlights from 'lights.rad']
[56 texlights parsed from 'lights.rad']

Loading d:\adams\google drive\projects\maps\cp_industrial.bsp
No vis information, direct lighting only.
273 faces
154423 square feet [22237028.00 square inches]
0 Displacements
0 Square Feet [0.00 Square Inches]
0 direct lights
0...1...2...3...4...5...6...7...8...9...10Build Patch/Sample Hash Table(s).....Done<0.0023 sec>
0...1...2...3...4...5...6...7...8...9...10FinalLightFace Done
0 of 0 (0% of) surface lights went in leaf ambient cubes.
0...1...2...3...4...5...6...7...8...9...10Writing leaf ambient...done
Ready to Finish

Object names       Objects/Maxobjs  Memory / Maxmem  Fullness 
------------       ---------------  ---------------  -------- 
models                   6/1024          288/49152    ( 0.6%) 
brushes                 37/8192          444/98304    ( 0.5%) 
brushsides             226/65536        1808/524288   ( 0.3%) 
planes                 152/65536        3040/1310720  ( 0.2%) 
vertexes               349/65536        4188/786432   ( 0.5%) 
nodes                  237/65536        7584/2097152  ( 0.4%) 
texinfos                33/12288        2376/884736   ( 0.3%) 
texdata                  6/2048          192/65536    ( 0.3%) 
dispinfos                0/0               0/0        ( 0.0%) 
disp_verts               0/0               0/0        ( 0.0%) 
disp_tris                0/0               0/0        ( 0.0%) 
disp_lmsamples           0/0               0/0        ( 0.0%) 
faces                  273/65536       15288/3670016  ( 0.4%) 
hdr faces                0/65536           0/3670016  ( 0.0%) 
origfaces              126/65536        7056/3670016  ( 0.2%) 
leaves                 244/65536        7808/2097152  ( 0.4%) 
leaffaces              299/65536         598/131072   ( 0.5%) 
leafbrushes             87/65536         174/131072   ( 0.1%) 
areas                    2/256            16/2048     ( 0.8%) 
surfedges             1712/512000       6848/2048000  ( 0.3%) 
edges                  935/256000       3740/1024000  ( 0.4%) 
LDR worldlights          0/8192            0/720896   ( 0.0%) 
HDR worldlights          0/8192            0/720896   ( 0.0%) 
leafwaterdata            0/32768           0/393216   ( 0.0%) 
waterstrips              9/32768          90/327680   ( 0.0%) 
waterverts               0/65536           0/786432   ( 0.0%) 
waterindices           123/65536         246/131072   ( 0.2%) 
cubemapsamples           0/1024            0/16384    ( 0.0%) 
overlays                 0/512             0/180224   ( 0.0%) 
LDR lightdata         [variable]      379932/0        ( 0.0%) 
HDR lightdata         [variable]           0/0        ( 0.0%) 
visdata               [variable]           0/16777216 ( 0.0%) 
entdata               [variable]        5036/393216   ( 1.3%) 
LDR ambient table      244/65536         976/262144   ( 0.4%) 
HDR ambient table      244/65536         976/262144   ( 0.4%) 
LDR leaf ambient       163/65536        4564/1835008  ( 0.2%) 
HDR leaf ambient       244/65536        6832/1835008  ( 0.4%) 
occluders                0/0               0/0        ( 0.0%) 
occluder polygons        0/0               0/0        ( 0.0%) 
occluder vert ind        0/0               0/0        ( 0.0%) 
detail props          [variable]           1/12       ( 8.3%) 
static props          [variable]           1/292      ( 0.3%) 
pakfile               [variable]         397/0        ( 0.0%) 
physics               [variable]       14207/4194304  ( 0.3%) 
physics terrain       [variable]           2/1048576  ( 0.0%) 

Level flags = 0

Total triangle count: 662
Writing d:\adams\google drive\projects\maps\cp_industrial.bsp
0 seconds elapsed



materialPath: D:\Program Files (x86)\Steam\steamapps\common\Team Fortress 2\tf\materials
Loading C:\Users\adams\Google Drive\Projects\maps\cp_industrial.vmf
Patching WVT material: maps/cp_industrial/dev/dev_blendmeasure_wvt_patch
fixing up env_cubemap materials on brush sides...
0...1...2...3...4...5...6...7...8...9...100...1...2...3...4...5...6...7...8...9...10Processing areas...done (0)
Building Faces...done (0)
FixTjuncs...
PruneNodes...
WriteBSP...
done (0)
writing C:\Users\adams\Google Drive\Projects\maps\cp_industrial.prt...Building visibility clusters...
done (0)
*** Error: Skybox vtf files for skybox/sky_tf2_04 weren't compiled with the same size texture and/or same flags!
Can't load skybox file skybox/sky_tf2_04 to build the default cubemap!
*** Error: Skybox vtf files for skybox/sky_tf2_04 weren't compiled with the same size texture and/or same flags!
Can't load skybox file skybox/sky_tf2_04 to build the default cubemap!
Finding displacement neighbors...
Finding lightmap sample positions...
Displacement Alpha : 0...1...2...3...4...5...6...7...8...9...10
Building Physics collision data...
done (0) (19900 bytes)
Placing detail props : 0...1...2...3...4...5...6...7...8...9...10
Compacting texture/material tables...
Reduced 79 texinfos to 40
Reduced 8 texdatas to 7 (211 bytes to 190)
Writing C:\Users\adams\Google Drive\Projects\maps\cp_industrial.bsp
Wrote ZIP buffer, estimated size 477, actual size 397
0 seconds elapsed



4 threads
reading c:\users\adams\google drive\projects\maps\cp_industrial.bsp
reading c:\users\adams\google drive\projects\maps\cp_industrial.prt
 160 portalclusters
 413 numportals
0...1...2...3...4...5...6...7...8...9...100...1...2...3...4...5...6...7...8...9...10Optimized: 24 visible clusters (0.13%)
Total clusters visible: 19018
Average clusters visible: 118
Building PAS...
Average clusters audible: 160
visdatasize:7735  compressed from 7680
writing c:\users\adams\google drive\projects\maps\cp_industrial.bsp
0 seconds elapsed



[Reading texlights from 'lights.rad']
[56 texlights parsed from 'lights.rad']

Loading c:\users\adams\google drive\projects\maps\cp_industrial.bsp
594 faces
1154967 square feet [166315312.00 square inches]
0 Displacements
0 Square Feet [0.00 Square Inches]
594 patches before subdivision
31494 patches after subdivision
5 direct lights
0...1...2...3...4...5...6...7...8...9...100...1...2...3...4...5...6...7...8...9...10transfers 1189412, max 307
transfer lists:   9.1 megs
0...1...2...3...4...5...6...7...8...9...10	Bounce #1 added RGB(4468, 4041, 4722)
0...1...2...3...4...5...6...7...8...9...10	Bounce #2 added RGB(589, 492, 743)
0...1...2...3...4...5...6...7...8...9...10	Bounce #3 added RGB(105, 61, 127)
0...1...2...3...4...5...6...7...8...9...10	Bounce #4 added RGB(21, 8, 21)
0...1...2...3...4...5...6...7...8...9...10	Bounce #5 added RGB(5, 1, 4)
0...1...2...3...4...5...6...7...8...9...10	Bounce #6 added RGB(1, 0, 1)
0...1...2...3...4...5...6...7...8...9...10	Bounce #7 added RGB(0, 0, 0)
Build Patch/Sample Hash Table(s).....Done<0.0106 sec>
0...1...2...3...4...5...6...7...8...9...10FinalLightFace Done
0 of 0 (0% of) surface lights went in leaf ambient cubes.
0...1...2...3...4...5...6...7...8...9...10Writing leaf ambient...done
Ready to Finish

Object names       Objects/Maxobjs  Memory / Maxmem  Fullness 
------------       ---------------  ---------------  -------- 
models                   6/1024          288/49152    ( 0.6%) 
brushes                 54/8192          648/98304    ( 0.7%) 
brushsides             332/65536        2656/524288   ( 0.5%) 
planes                 272/65536        5440/1310720  ( 0.4%) 
vertexes               780/65536        9360/786432   ( 1.2%) 
nodes                  455/65536       14560/2097152  ( 0.7%) 
texinfos                40/12288        2880/884736   ( 0.3%) 
texdata                  7/2048          224/65536    ( 0.3%) 
dispinfos                0/0               0/0        ( 0.0%) 
disp_verts               0/0               0/0        ( 0.0%) 
disp_tris                0/0               0/0        ( 0.0%) 
disp_lmsamples           0/0               0/0        ( 0.0%) 
faces                  594/65536       33264/3670016  ( 0.9%) 
hdr faces                0/65536           0/3670016  ( 0.0%) 
origfaces              161/65536        9016/3670016  ( 0.2%) 
leaves                 462/65536       14784/2097152  ( 0.7%) 
leaffaces              628/65536        1256/131072   ( 1.0%) 
leafbrushes            341/65536         682/131072   ( 0.5%) 
areas                    2/256            16/2048     ( 0.8%) 
surfedges             3248/512000      12992/2048000  ( 0.6%) 
edges                 1737/256000       6948/1024000  ( 0.7%) 
LDR worldlights          5/8192          440/720896   ( 0.1%) 
HDR worldlights          0/8192            0/720896   ( 0.0%) 
leafwaterdata            0/32768           0/393216   ( 0.0%) 
waterstrips             26/32768         260/327680   ( 0.1%) 
waterverts               0/65536           0/786432   ( 0.0%) 
waterindices           324/65536         648/131072   ( 0.5%) 
cubemapsamples           0/1024            0/16384    ( 0.0%) 
overlays                 0/512             0/180224   ( 0.0%) 
LDR lightdata         [variable]      580532/0        ( 0.0%) 
HDR lightdata         [variable]           0/0        ( 0.0%) 
visdata               [variable]        7735/16777216 ( 0.0%) 
entdata               [variable]        7345/393216   ( 1.9%) 
LDR ambient table      462/65536        1848/262144   ( 0.7%) 
HDR ambient table      462/65536        1848/262144   ( 0.7%) 
LDR leaf ambient      1135/65536       31780/1835008  ( 1.7%) 
HDR leaf ambient       462/65536       12936/1835008  ( 0.7%) 
occluders                0/0               0/0        ( 0.0%) 
occluder polygons        0/0               0/0        ( 0.0%) 
occluder vert ind        0/0               0/0        ( 0.0%) 
detail props          [variable]           1/12       ( 8.3%) 
static props          [variable]           1/292      ( 0.3%) 
pakfile               [variable]         397/0        ( 0.0%) 
physics               [variable]       19900/4194304  ( 0.5%) 
physics terrain       [variable]           2/1048576  ( 0.0%) 

Level flags = 0

Total triangle count: 1420
Writing c:\users\adams\google drive\projects\maps\cp_industrial.bsp
2 seconds elapsed



materialPath: D:\Program Files (x86)\Steam\steamapps\common\Team Fortress 2\tf\materials
Loading C:\Users\adams\Google Drive\Projects\maps\cp_industrial.vmf
Patching WVT material: maps/cp_industrial/dev/dev_blendmeasure_wvt_patch
fixing up env_cubemap materials on brush sides...
0...1...2...3...4...5...6...7...8...9...100...1...2...3...4...5...6...7...8...9...10Processing areas...done (0)
Building Faces...done (0)
FixTjuncs...
PruneNodes...
WriteBSP...
done (0)
writing C:\Users\adams\Google Drive\Projects\maps\cp_industrial.prt...Building visibility clusters...
done (0)
*** Error: Skybox vtf files for skybox/sky_tf2_04 weren't compiled with the same size texture and/or same flags!
Can't load skybox file skybox/sky_tf2_04 to build the default cubemap!
*** Error: Skybox vtf files for skybox/sky_tf2_04 weren't compiled with the same size texture and/or same flags!
Can't load skybox file skybox/sky_tf2_04 to build the default cubemap!
Finding displacement neighbors...
Finding lightmap sample positions...
Displacement Alpha : 0...1...2...3...4...5...6...7...8...9...10
Building Physics collision data...
done (0) (31880 bytes)
Placing detail props : 0...1...2...3...4...5...6...7...8...9...10
Compacting texture/material tables...
Reduced 116 texinfos to 52
Reduced 7 texdatas to 6 (189 bytes to 168)
Writing C:\Users\adams\Google Drive\Projects\maps\cp_industrial.bsp
Wrote ZIP buffer, estimated size 477, actual size 397
0 seconds elapsed



4 threads
reading c:\users\adams\google drive\projects\maps\cp_industrial.bsp
reading c:\users\adams\google drive\projects\maps\cp_industrial.prt
  97 portalclusters
 222 numportals
0...1...2...3...4...5...6...7...8...9...100...1...2...3...4...5...6...7...8...9...10Optimized: 12 visible clusters (0.28%)
Total clusters visible: 4279
Average clusters visible: 44
Building PAS...
Average clusters audible: 80
visdatasize:3355  compressed from 3104
writing c:\users\adams\google drive\projects\maps\cp_industrial.bsp
0 seconds elapsed



[Reading texlights from 'lights.rad']
[56 texlights parsed from 'lights.rad']

Loading c:\users\adams\google drive\projects\maps\cp_industrial.bsp
402 faces
123145 square feet [17732960.00 square inches]
0 Displacements
0 Square Feet [0.00 Square Inches]
402 patches before subdivision
16754 patches after subdivision
12 direct lights
0...1...2...3...4...5...6...7...8...9...100...1...2...3...4...5...6...7...8...9...10transfers 1895247, max 349
transfer lists:  14.5 megs
0...1...2...3...4...5...6...7...8...9...10	Bounce #1 added RGB(96900, 45467, 27730)
0...1...2...3...4...5...6...7...8...9...10	Bounce #2 added RGB(31320, 6524, 2725)
0...1...2...3...4...5...6...7...8...9...10	Bounce #3 added RGB(12854, 970, 333)
0...1...2...3...4...5...6...7...8...9...10	Bounce #4 added RGB(5458, 145, 45)
0...1...2...3...4...5...6...7...8...9...10	Bounce #5 added RGB(2483, 22, 6)
0...1...2...3...4...5...6...7...8...9...10	Bounce #6 added RGB(1151, 3, 1)
0...1...2...3...4...5...6...7...8...9...10	Bounce #7 added RGB(548, 1, 0)
0...1...2...3...4...5...6...7...8...9...10	Bounce #8 added RGB(264, 0, 0)
0...1...2...3...4...5...6...7...8...9...10	Bounce #9 added RGB(129, 0, 0)
0...1...2...3...4...5...6...7...8...9...10	Bounce #10 added RGB(64, 0, 0)
0...1...2...3...4...5...6...7...8...9...10	Bounce #11 added RGB(32, 0, 0)
0...1...2...3...4...5...6...7...8...9...10	Bounce #12 added RGB(16, 0, 0)
0...1...2...3...4...5...6...7...8...9...10	Bounce #13 added RGB(8, 0, 0)
0...1...2...3...4...5...6...7...8...9...10	Bounce #14 added RGB(4, 0, 0)
0...1...2...3...4...5...6...7...8...9...10	Bounce #15 added RGB(2, 0, 0)
0...1...2...3...4...5...6...7...8...9...10	Bounce #16 added RGB(1, 0, 0)
0...1...2...3...4...5...6...7...8...9...10	Bounce #17 added RGB(1, 0, 0)
Build Patch/Sample Hash Table(s).....Done<0.0051 sec>
0...1...2...3...4...5...6...7...8...9...10FinalLightFace Done
0 of 0 (0% of) surface lights went in leaf ambient cubes.
0...1...2...3...4...5...6...7...8...9...10Writing leaf ambient...done
Ready to Finish

Object names       Objects/Maxobjs  Memory / Maxmem  Fullness 
------------       ---------------  ---------------  -------- 
models                   6/1024          288/49152    ( 0.6%) 
brushes                 87/8192         1044/98304    ( 1.1%) 
brushsides             535/65536        4280/524288   ( 0.8%) 
planes                 332/65536        6640/1310720  ( 0.5%) 
vertexes               614/65536        7368/786432   ( 0.9%) 
nodes                  289/65536        9248/2097152  ( 0.4%) 
texinfos                52/12288        3744/884736   ( 0.4%) 
texdata                  6/2048          192/65536    ( 0.3%) 
dispinfos                0/0               0/0        ( 0.0%) 
disp_verts               0/0               0/0        ( 0.0%) 
disp_tris                0/0               0/0        ( 0.0%) 
disp_lmsamples           0/0               0/0        ( 0.0%) 
faces                  402/65536       22512/3670016  ( 0.6%) 
hdr faces                0/65536           0/3670016  ( 0.0%) 
origfaces              187/65536       10472/3670016  ( 0.3%) 
leaves                 296/65536        9472/2097152  ( 0.5%) 
leaffaces              458/65536         916/131072   ( 0.7%) 
leafbrushes            272/65536         544/131072   ( 0.4%) 
areas                    2/256            16/2048     ( 0.8%) 
surfedges             2569/512000      10276/2048000  ( 0.5%) 
edges                 1487/256000       5948/1024000  ( 0.6%) 
LDR worldlights         12/8192         1056/720896   ( 0.1%) 
HDR worldlights          0/8192            0/720896   ( 0.0%) 
leafwaterdata            0/32768           0/393216   ( 0.0%) 
waterstrips             21/32768         210/327680   ( 0.1%) 
waterverts               0/65536           0/786432   ( 0.0%) 
waterindices           279/65536         558/131072   ( 0.4%) 
cubemapsamples           0/1024            0/16384    ( 0.0%) 
overlays                 0/512             0/180224   ( 0.0%) 
LDR lightdata         [variable]      318464/0        ( 0.0%) 
HDR lightdata         [variable]           0/0        ( 0.0%) 
visdata               [variable]        3355/16777216 ( 0.0%) 
entdata               [variable]        8507/393216   ( 2.2%) 
LDR ambient table      296/65536        1184/262144   ( 0.5%) 
HDR ambient table      296/65536        1184/262144   ( 0.5%) 
LDR leaf ambient      1421/65536       39788/1835008  ( 2.2%) 
HDR leaf ambient       296/65536        8288/1835008  ( 0.5%) 
occluders                0/0               0/0        ( 0.0%) 
occluder polygons        0/0               0/0        ( 0.0%) 
occluder vert ind        0/0               0/0        ( 0.0%) 
detail props          [variable]           1/12       ( 8.3%) 
static props          [variable]           1/292      ( 0.3%) 
pakfile               [variable]         397/0        ( 0.0%) 
physics               [variable]       31880/4194304  ( 0.8%) 
physics terrain       [variable]           2/1048576  ( 0.0%) 

Level flags = 0

Total triangle count: 1022
Writing c:\users\adams\google drive\projects\maps\cp_industrial.bsp
1 second elapsed
