PRT1
97
222
4 0 9 (0 1376 352 ) (0 1504 352 ) (0 1504 240 ) (0 1376 240 ) 
4 0 10 (0 1152 240 ) (0 1152 352 ) (0 1376 352 ) (0 1376 240 ) 
4 0 6 (0 1152 352 ) (0 1152 496 ) (0 1504 496 ) (0 1504 352 ) 
4 0 4 (0 1152 496 ) (0 1152 800 ) (0 1504 800 ) (0 1504 496 ) 
4 0 3 (0 1152 800 ) (0 1152 240 ) (384 1152 240 ) (384 1152 800 ) 
4 0 2 (384 1152 240 ) (640 1152 240 ) (640 1152 800 ) (384 1152 800 ) 
4 1 13 (0 1504 32 ) (0 1184 32 ) (0 1184 208 ) (0 1504 208 ) 
4 2 31 (640 1024 800 ) (384 1024 800 ) (384 1024 170.666626 ) (640 1024 170.666656 ) 
4 2 3 (384 1152 800 ) (384 1152 240 ) (384 1024 240 ) (384 1024 800 ) 
4 3 35 (0 1024 800 ) (0 1024 240 ) (384 1024 240 ) (384 1024 800 ) 
4 3 19 (0 1024 240 ) (0 1024 352 ) (0 1152 352 ) (0 1152 240 ) 
4 3 6 (0 1024 352 ) (0 1024 496 ) (0 1152 496 ) (0 1152 352 ) 
4 3 4 (0 1024 496 ) (0 1024 800 ) (0 1152 800 ) (0 1152 496 ) 
4 4 54 (-640 1024 800 ) (-672 1024 800 ) (-672 1024 496 ) (-640 1024 496 ) 
4 4 53 (0 1024 496 ) (0 1024 800 ) (-640 1024 800 ) (-640 1024 496 ) 
4 4 55 (-672 1024 800 ) (-960 1024 800 ) (-960 1024 496 ) (-672 1024 496 ) 
4 4 6 (0 1024 496 ) (-960 1024 496 ) (-960 1504 496 ) (0 1504 496 ) 
4 5 56 (-992 1024 800 ) (-1024 1024 800 ) (-1024 1024 496 ) (-992 1024 496 ) 
4 5 27 (-1024 1024 496 ) (-1024 1024 800 ) (-1024 1504 800 ) (-1024 1504 496 ) 
4 5 8 (-992 1024 496 ) (-1024 1024 496 ) (-1024 1504 496 ) (-992 1504 496 ) 
4 6 54 (-640 1024 496 ) (-672 1024 496 ) (-672 1024 352 ) (-640 1024 352 ) 
4 6 53 (0 1024 352 ) (0 1024 496 ) (-640 1024 496 ) (-640 1024 352 ) 
4 6 55 (-672 1024 496 ) (-960 1024 496 ) (-960 1024 352 ) (-672 1024 352 ) 
4 6 21 (-384 1024 352 ) (-640 1024 352 ) (-640 1152 352 ) (-384 1152 352 ) 
4 6 19 (0 1152 352 ) (0 1024 352 ) (-384 1024 352 ) (-384 1152 352 ) 
4 6 9 (-640 1504 352 ) (0 1504 352 ) (0 1376 352 ) (-640 1376 352 ) 
4 6 10 (0 1376 352 ) (0 1152 352 ) (-640 1152 352 ) (-640 1376 352 ) 
4 6 7 (-960 1024 496 ) (-960 1056 496 ) (-960 1056 352 ) (-960 1024 352 ) 
4 7 57 (-960 1024 496 ) (-992 1024 496 ) (-992 1024 352 ) (-960 1024 352 ) 
4 7 8 (-992 1024 496 ) (-992 1056 496 ) (-992 1056 352 ) (-992 1024 352 ) 
4 8 58 (-992 1024 496 ) (-1024 1024 496 ) (-1024 1024 352 ) (-992 1024 352 ) 
4 8 27 (-1024 1504 352 ) (-1024 1024 352 ) (-1024 1024 496 ) (-1024 1504 496 ) 
4 8 24 (-1024 1136 352 ) (-1024 1152 352 ) (-992 1152 352 ) (-992 1136 352 ) 
4 8 16 (-1024 1152 352 ) (-1024 1392 352 ) (-992 1392 352 ) (-992 1152 352 ) 
4 9 10 (-640 1376 352 ) (-480 1376 240 ) (0 1376 240 ) (0 1376 352 ) 
4 10 21 (-384 1152 352 ) (-640 1152 352 ) (-640 1152 240 ) (-384 1152 240 ) 
4 10 19 (0 1152 240 ) (0 1152 352 ) (-384 1152 352 ) (-384 1152 240 ) 
4 11 22 (-992 1152 320 ) (-992 1152 240 ) (-832 1152 240 ) (-832 1152 320 ) 
4 11 18 (-992 1392 320 ) (-992 1504 320 ) (-992 1504 240 ) (-992 1237.714355 240 ) 
4 11 17 (-992 1152 240 ) (-992 1152 320 ) (-992 1330.285767 320 ) (-992 1176 240 ) 
4 11 12 (-832 1152 240 ) (-992 1152 240 ) (-992 1504 240 ) (-832 1504 240 ) 
4 12 22 (-832 1152 240 ) (-992 1152 240 ) (-992 1152 208 ) (-832 1152 208 ) 
4 12 18 (-992 1237.714355 240 ) (-992 1504 240 ) (-992 1504 208 ) (-992 1176 208 ) 
3 12 17 (-992 1152 227.555527 ) (-992 1152 240 ) (-992 1176 240 ) 
4 12 15 (-832 1152 208 ) (-992 1152 208 ) (-992 1184 208 ) (-832 1184 208 ) 
4 12 13 (-992 1184 208 ) (-992 1504 208 ) (-832 1504 208 ) (-832 1184 208 ) 
4 13 18 (-992 1504 32 ) (-992 1184 32 ) (-992 1184 208 ) (-992 1504 208 ) 
4 13 14 (-176 1184 208 ) (-320 1184 208 ) (-320 1184 32 ) (-176 1184 32 ) 
4 13 15 (-832 1184 208 ) (-992 1184 208 ) (-992 1184 32 ) (-832 1184 32 ) 
4 14 20 (-320 1152 32 ) (-176 1152 32 ) (-176 1152 208 ) (-320 1152 208 ) 
4 15 22 (-992 1152 32 ) (-832 1152 32 ) (-832 1152 208 ) (-992 1152 208 ) 
5 15 18 (-992 1184 32 ) (-992 1152 32 ) (-992 1152 195.555527 ) (-992 1176 208 ) (-992 1184 208 ) 
4 16 28 (-1024 1330.285767 320 ) (-1024 1152 320 ) (-1024 1152 352 ) (-1024 1392 352 ) 
4 16 24 (-992 1152 320 ) (-992 1152 352 ) (-1024 1152 352 ) (-1024 1152 320 ) 
4 16 17 (-992 1330.285767 320 ) (-992 1152 320 ) (-1024 1152 320 ) (-1024 1330.285767 320 ) 
3 17 29 (-1024 1152 227.555542 ) (-1024 1152 320 ) (-1024 1330.285767 320 ) 
4 17 25 (-992 1152 227.555542 ) (-992 1152 320 ) (-1024 1152 320 ) (-1024 1152 227.555542 ) 
5 18 30 (-1024 1504 32 ) (-1024 1152 32 ) (-1024 1152 195.555542 ) (-1024 1392 320 ) (-1024 1504 320 ) 
4 18 26 (-1024 1152 32 ) (-992 1152 32 ) (-992 1152 195.555542 ) (-1024 1152 195.555542 ) 
4 19 61 (0 1024 240 ) (0 1024 320 ) (-384 1024 320 ) (-384 1024 240 ) 
4 19 60 (0 1024 320 ) (0 1024 352 ) (-384 1024 352 ) (-384 1024 320 ) 
4 19 21 (-384 1152 352 ) (-384 1152 240 ) (-384 1024 240 ) (-384 1024 352 ) 
4 20 62 (-144 1024 208 ) (-352 1024 208 ) (-352 1024 32 ) (-144 1024 32 ) 
4 21 64 (-640 1024 320 ) (-640 1024 170.666626 ) (-384 1024 170.666641 ) (-384 1024 320 ) 
4 21 60 (-384 1024 352 ) (-640 1024 352 ) (-640 1024 320 ) (-384 1024 320 ) 
4 22 66 (-992 1024 128 ) (-992 1024 96 ) (-832 1024 96 ) (-832 1024 128 ) 
4 22 65 (-992 1024 320 ) (-992 1024 128 ) (-832 1024 128 ) (-832 1024 320 ) 
4 22 26 (-992 1152 195.555542 ) (-992 1152 32 ) (-992 1024 96 ) (-992 1024 129.185181 ) 
4 22 25 (-992 1152 320 ) (-992 1152 227.555542 ) (-992 1024 161.185165 ) (-992 1024 320 ) 
4 23 67 (-992 1024 64 ) (-992 1024 32 ) (-832 1024 32 ) (-832 1024 64 ) 
3 23 26 (-992 1088 32 ) (-992 1024 32 ) (-992 1024 64 ) 
4 24 28 (-1024 1136 352 ) (-1024 1152 352 ) (-1024 1152 320 ) (-1024 1136 320 ) 
4 24 25 (-1024 1152 320 ) (-992 1152 320 ) (-992 1136 320 ) (-1024 1136 320 ) 
4 25 68 (-1024 1024 320 ) (-1024 1024 161.185181 ) (-992 1024 161.185165 ) (-992 1024 320 ) 
4 25 29 (-1024 1024 161.185165 ) (-1024 1024 320 ) (-1024 1152 320 ) (-1024 1152 227.555542 ) 
4 26 70 (-1024 1024 128 ) (-1024 1024 96 ) (-992 1024 96 ) (-992 1024 128 ) 
4 26 69 (-1024 1024 129.185181 ) (-1024 1024 128 ) (-992 1024 128 ) (-992 1024 129.185196 ) 
4 26 71 (-1024 1024 96 ) (-1024 1024 32 ) (-992 1024 32 ) (-992 1024 96 ) 
4 26 30 (-1024 1152 32 ) (-1024 1024 32 ) (-1024 1024 129.185196 ) (-1024 1152 195.555542 ) 
4 27 87 (-1024 1024 352 ) (-1024 1024 800 ) (-1376 1024 800 ) (-1376 1024 352 ) 
4 27 28 (-1024 1392 352 ) (-1024 1136 352 ) (-1152 1136 352 ) (-1152 1392 352 ) 
4 28 29 (-1152 1136 320 ) (-1152 1330.285645 320 ) (-1024 1330.285645 320 ) (-1024 1136 320 ) 
4 29 88 (-1024 1024 161.185165 ) (-1024 1024 320 ) (-1152 1024 320 ) (-1152 1024 161.185181 ) 
4 30 89 (-1024 1024 96 ) (-1024 1024 129.185196 ) (-1152 1024 129.185181 ) (-1152 1024 96 ) 
4 30 90 (-1024 1024 32 ) (-1024 1024 96 ) (-1152 1024 96 ) (-1152 1024 32 ) 
4 31 35 (384 768 240 ) (384 768 800 ) (384 1024 800 ) (384 1024 240 ) 
4 31 33 (640 768 800 ) (384 768 800 ) (384 768 32 ) (640 768 32 ) 
4 32 34 (960 96 800 ) (768 96 800 ) (768 96 208 ) (960 96 208 ) 
5 32 33 (768 768 800 ) (768 768 32 ) (768 352 32 ) (768 96 208 ) (768 96 800 ) 
4 33 43 (384 256 32 ) (384 96 32 ) (384 96 384 ) (384 256 384 ) 
4 33 42 (384 96 416 ) (384 96 800 ) (384 256 800 ) (384 256 416 ) 
4 33 41 (384 768 32 ) (384 256 32 ) (384 256 208 ) (384 768 208 ) 
4 33 39 (384 256 416 ) (384 256 800 ) (384 384 800 ) (384 384 416 ) 
4 33 40 (384 256 208 ) (384 256 384 ) (384 384 384 ) (384 384 208 ) 
4 33 36 (384 384 800 ) (384 768 800 ) (384 768 208 ) (384 384 208 ) 
4 33 34 (768 96 800 ) (384 96 800 ) (384 96 416 ) (768 96 208 ) 
5 34 47 (960 0 800 ) (384 0 800 ) (384 0 416 ) (768 0 208 ) (960 0 208 ) 
4 34 42 (384 0 416 ) (384 0 800 ) (384 96 800 ) (384 96 416 ) 
4 35 61 (0 1024 320 ) (0 1024 240 ) (0 768 240 ) (0 768 320 ) 
4 35 60 (0 1024 352 ) (0 1024 320 ) (0 768 320 ) (0 768 352 ) 
4 35 59 (0 800 352 ) (0 768 352 ) (0 768 800 ) (0 800 800 ) 
4 35 53 (0 1024 800 ) (0 1024 352 ) (0 800 352 ) (0 800 800 ) 
4 35 37 (128 768 800 ) (0 768 800 ) (0 768 240 ) (128 768 240 ) 
4 35 36 (384 768 240 ) (384 768 800 ) (128 768 800 ) (128 768 240 ) 
4 36 41 (128 768 208 ) (384 768 208 ) (384 384 208 ) (128 384 208 ) 
4 36 39 (384 384 416 ) (384 384 800 ) (128 384 800 ) (128 384 416 ) 
4 36 40 (128 384 208 ) (384 384 208 ) (384 384 384 ) (128 384 384 ) 
3 36 38 (128 768 208 ) (128 384 208 ) (128 384 384 ) 
4 36 37 (128 768 800 ) (128 768 240 ) (128 384 416 ) (128 384 800 ) 
4 37 72 (0 384 416 ) (0 384 800 ) (0 768 800 ) (0 768 240 ) 
4 37 39 (0 384 800 ) (0 384 416 ) (128 384 416 ) (128 384 800 ) 
3 38 73 (0 768 208 ) (0 384 208 ) (0 384 384 ) 
4 38 41 (0 384 208 ) (0 768 208 ) (128 768 208 ) (128 384 208 ) 
4 38 40 (0 384 384 ) (0 384 208 ) (128 384 208 ) (128 384 384 ) 
4 39 75 (0 256 416 ) (0 256 800 ) (0 384 800 ) (0 384 416 ) 
4 39 44 (0 256 800 ) (0 256 672 ) (256 256 672 ) (256 256 800 ) 
4 39 42 (256 256 416 ) (384 256 416 ) (384 256 800 ) (256 256 800 ) 
4 40 76 (0 384 208 ) (0 256 208 ) (0 256 384 ) (0 384 384 ) 
4 40 43 (256 256 208 ) (384 256 208 ) (384 256 384 ) (256 256 384 ) 
4 40 41 (384 256 208 ) (0 256 208 ) (0 384 208 ) (384 384 208 ) 
4 41 76 (0 384 32 ) (0 256 32 ) (0 256 208 ) (0 384 208 ) 
4 41 73 (0 768 32 ) (0 384 32 ) (0 384 208 ) (0 768 208 ) 
4 41 43 (256 256 32 ) (384 256 32 ) (384 256 208 ) (256 256 208 ) 
3 42 48 (256 0 485.333374 ) (256 0 416 ) (384 0 416 ) 
4 42 47 (256 0 800 ) (256 0 485.333374 ) (384 0 416 ) (384 0 800 ) 
4 42 45 (256 48 416 ) (256 0 416 ) (256 0 544 ) (256 48 544 ) 
4 42 44 (256 256 800 ) (256 256 672 ) (256 0 672 ) (256 0 800 ) 
4 44 77 (0 0 672 ) (0 0 800 ) (0 256 800 ) (0 256 672 ) 
4 44 50 (0 0 800 ) (0 0 672 ) (256 0 672 ) (256 0 800 ) 
4 45 51 (224 0 416 ) (256 0 416 ) (256 0 544 ) (224 0 544 ) 
4 45 46 (224 48 416 ) (224 0 416 ) (224 0 544 ) (224 48 544 ) 
4 46 78 (0 0 416 ) (0 0 640 ) (0 224 640 ) (0 224 416 ) 
4 46 52 (0 0 640 ) (0 0 416 ) (224 0 416 ) (224 0 640 ) 
4 47 51 (256 0 544 ) (256 0 485.333374 ) (256 -48 485.333374 ) (256 -48 544 ) 
4 47 50 (256 0 800 ) (256 0 672 ) (256 -96 672 ) (256 -96 800 ) 
4 47 49 (608 -96 672 ) (960 -96 672 ) (960 -96 800 ) (608 -96 800 ) 
4 47 48 (384.003998 -96 416 ) (256 -96 485.335541 ) (256 0 485.335541 ) (384.003967 0 416 ) 
4 48 51 (256 0 485.333374 ) (256 0 416 ) (256 -48 416 ) (256 -48 485.333374 ) 
4 50 91 (0 0 800 ) (0 0 672 ) (0 -96 672 ) (0 -96 800 ) 
4 51 52 (224 0 416 ) (224 -48 416 ) (224 -48 544 ) (224 0 544 ) 
4 52 92 (0 -224 640 ) (0 0 640 ) (0 0 416 ) (0 -224 416 ) 
4 53 60 (-640 1024 352 ) (0 1024 352 ) (0 800 352 ) (-640 800 352 ) 
4 53 59 (-640 800 352 ) (0 800 352 ) (0 800 800 ) (-640 800 800 ) 
4 53 54 (-640 1024 352 ) (-640 896 352 ) (-640 896 800 ) (-640 1024 800 ) 
4 54 55 (-672 1024 352 ) (-672 896 352 ) (-672 896 800 ) (-672 1024 800 ) 
4 55 57 (-960 1024 352 ) (-960 848 352 ) (-960 848 496 ) (-960 1024 496 ) 
4 56 87 (-1024 1024 800 ) (-1024 1024 496 ) (-1024 800 496 ) (-1024 800 800 ) 
4 56 58 (-992 800 496 ) (-1024 800 496 ) (-1024 1024 496 ) (-992 1024 496 ) 
4 57 58 (-992 1024 352 ) (-992 848 352 ) (-992 848 496 ) (-992 1024 496 ) 
4 58 87 (-1024 1024 496 ) (-1024 1024 352 ) (-1024 800 352 ) (-1024 800 496 ) 
4 59 83 (-640 768 352 ) (-384 768 352 ) (-384 768 800 ) (-640 768 800 ) 
4 59 81 (-256 768 384 ) (-256 768 416 ) (-384 768 416 ) (-384 768 384 ) 
4 59 80 (-256 768 416 ) (-256 768 800 ) (-384 768 800 ) (-384 768 416 ) 
4 59 82 (-384 768 352 ) (-256 768 352 ) (-256 768 384 ) (-384 768 384 ) 
4 59 72 (-128 768 352 ) (0 768 352 ) (0 768 800 ) (-128 768 800 ) 
4 59 74 (-256 768 352 ) (-128 768 352 ) (-128 768 800 ) (-256 768 800 ) 
4 59 60 (0 768 352 ) (-640 768 352 ) (-640 800 352 ) (0 800 352 ) 
4 60 83 (-640 768 320 ) (-384 768 320 ) (-384 768 352 ) (-640 768 352 ) 
4 60 82 (-384 768 320 ) (-256 768 320 ) (-256 768 352 ) (-384 768 352 ) 
4 60 72 (-128 768 320 ) (0 768 320 ) (0 768 352 ) (-128 768 352 ) 
4 60 74 (-256 768 320 ) (-128 768 320 ) (-128 768 352 ) (-256 768 352 ) 
4 60 64 (-384 768 320 ) (-640 768 320 ) (-640 1024 320 ) (-384 1024 320 ) 
4 60 61 (0 768 320 ) (-384 768 320 ) (-384 1024 320 ) (0 1024 320 ) 
4 61 82 (-256 768 320 ) (-384 768 320 ) (-384 768 240 ) (-256 768 240 ) 
4 61 72 (0 768 240 ) (0 768 320 ) (-128 768 320 ) (-128 768 240 ) 
4 61 74 (-128 768 320 ) (-256 768 320 ) (-256 768 240 ) (-128 768 240 ) 
4 61 64 (-384 768 240 ) (-384 768 320 ) (-384 1024 320 ) (-384 1024 240 ) 
4 62 63 (-160 800 208 ) (-320 800 208 ) (-320 800 32 ) (-160 800 32 ) 
4 63 82 (-320 768 32 ) (-256 768 32 ) (-256 768 208 ) (-320 768 208 ) 
4 63 74 (-256 768 32 ) (-160 768 32 ) (-160 768 208 ) (-256 768 208 ) 
4 64 83 (-640 768 32 ) (-384 768 32 ) (-384 768 320 ) (-640 768 320 ) 
3 65 69 (-992 1024 129.185181 ) (-992 1024 128 ) (-992 1021.714294 128 ) 
5 65 68 (-992 832 128 ) (-992 832 320 ) (-992 1024 320 ) (-992 1024 161.185181 ) (-992 960 128 ) 
4 65 66 (-992 960 128 ) (-992 1024 128 ) (-832 1024 128 ) (-832 960 128 ) 
4 66 70 (-992 1021.714294 128 ) (-992 1024 128 ) (-992 1024 96 ) (-992 991.418213 112.290916 ) 
5 67 71 (-992 1024 32 ) (-992 832 32 ) (-992 832 96 ) (-992 960 96 ) (-992 1024 64 ) 
5 68 88 (-1024 1024 320 ) (-1024 1024 161.185181 ) (-1024 960 128 ) (-1024 832 128 ) (-1024 832 320 ) 
3 69 89 (-1024 1024 129.185181 ) (-1024 1024 128 ) (-1024 1021.714294 128 ) 
4 69 70 (-1024 1024 128 ) (-992 1024 128 ) (-992 1021.714294 128 ) (-1024 1021.714294 128 ) 
4 70 89 (-1024 1024 128 ) (-1024 1024 96 ) (-1024 960 96 ) (-1024 1021.714294 128 ) 
4 70 71 (-992 1024 96 ) (-992 960 96 ) (-1024 960 96 ) (-1024 1024 96 ) 
4 71 90 (-1024 1024 96 ) (-1024 1024 32 ) (-1024 832 32 ) (-1024 832 96 ) 
4 72 75 (0 384 416 ) (0 384 800 ) (-128 384 800 ) (-128 384 416 ) 
4 72 74 (-128 384 416 ) (-128 384 800 ) (-128 768 800 ) (-128 768 240 ) 
4 73 76 (-128 384 32 ) (0 384 32 ) (0 384 384 ) (-128 384 384 ) 
4 73 74 (-128 384 32 ) (-128 384 384 ) (-128 768 208 ) (-128 768 32 ) 
4 74 81 (-256 768 416 ) (-256 768 384 ) (-256 384 384 ) (-256 384 416 ) 
4 74 80 (-256 768 800 ) (-256 768 416 ) (-256 384 416 ) (-256 384 800 ) 
4 74 82 (-256 768 384 ) (-256 768 32 ) (-256 384 32 ) (-256 384 384 ) 
4 74 75 (-256 384 800 ) (-256 384 416 ) (-128 384 416 ) (-128 384 800 ) 
4 74 76 (-256 384 384 ) (-256 384 32 ) (-128 384 32 ) (-128 384 384 ) 
4 75 80 (-256 256 416 ) (-256 256 800 ) (-256 384 800 ) (-256 384 416 ) 
4 75 77 (-256 256 800 ) (-256 256 672 ) (0 256 672 ) (0 256 800 ) 
4 76 82 (-256 384 32 ) (-256 256 32 ) (-256 256 384 ) (-256 384 384 ) 
4 77 91 (0 0 672 ) (0 0 800 ) (-256 0 800 ) (-256 0 672 ) 
4 77 85 (-256 0 672 ) (-256 0 800 ) (-256 96 800 ) (-256 96 672 ) 
4 77 80 (-256 96 800 ) (-256 256 800 ) (-256 256 672 ) (-256 96 672 ) 
4 78 92 (0 0 416 ) (0 0 640 ) (-224 0 640 ) (-224 0 416 ) 
4 78 79 (-224 48 416 ) (-224 0 416 ) (-224 0 544 ) (-224 48 544 ) 
4 79 93 (-256 0 544 ) (-256 0 416 ) (-224 0 416 ) (-224 0 544 ) 
4 79 86 (-256 0 416 ) (-256 0 485.333374 ) (-256 48 485.333374 ) (-256 48 416 ) 
4 79 85 (-256 0 485.333374 ) (-256 0 544 ) (-256 48 544 ) (-256 48 485.333374 ) 
3 80 86 (-256 96 416 ) (-256 96 485.333374 ) (-384 96 416 ) 
4 80 85 (-256 96 485.333374 ) (-256 96 800 ) (-384 96 800 ) (-384 96 416 ) 
4 80 83 (-384 96 416 ) (-384 96 800 ) (-384 768 800 ) (-384 768 416 ) 
4 80 81 (-384 384 416 ) (-384 768 416 ) (-256 768 416 ) (-256 384 416 ) 
4 81 83 (-384 384 416 ) (-384 768 416 ) (-384 768 384 ) (-384 384 384 ) 
4 81 82 (-384 384 384 ) (-384 768 384 ) (-256 768 384 ) (-256 384 384 ) 
4 82 83 (-384 96 32 ) (-384 96 384 ) (-384 768 384 ) (-384 768 32 ) 
4 83 85 (-384 96 416 ) (-384 96 800 ) (-768 96 800 ) (-768 96 208 ) 
5 83 84 (-768 96 208 ) (-768 96 800 ) (-768 768 800 ) (-768 768 32 ) (-768 352 32 ) 
4 84 85 (-768 96 208 ) (-768 96 800 ) (-960 96 800 ) (-960 96 208 ) 
5 85 94 (-960 0 208 ) (-768 0 208 ) (-256 0 485.333374 ) (-256 0 800 ) (-960 0 800 ) 
4 85 86 (-384.004059 96 416 ) (-256 96 485.335571 ) (-256 0 485.335571 ) (-384.004028 0 416 ) 
3 86 95 (-256 0 416 ) (-256 0 485.333374 ) (-384 0 416 ) 
4 89 90 (-1152 960 96 ) (-1152 1024 96 ) (-1024 1024 96 ) (-1024 960 96 ) 
4 91 94 (-256 0 800 ) (-256 0 672 ) (-256 -96 672 ) (-256 -96 800 ) 
4 92 93 (-224 0 416 ) (-224 -48 416 ) (-224 -48 544 ) (-224 0 544 ) 
4 93 95 (-256 0 485.333374 ) (-256 0 416 ) (-256 -48 416 ) (-256 -48 485.333374 ) 
4 93 94 (-256 0 544 ) (-256 0 485.333374 ) (-256 -48 485.333374 ) (-256 -48 544 ) 
4 94 96 (-608 -96 800 ) (-960 -96 800 ) (-960 -96 672 ) (-608 -96 672 ) 
4 94 95 (-384.004059 0 416 ) (-256 0 485.335571 ) (-256 -96 485.335571 ) (-384.004028 -96 416 ) 
